<?xml version="1.0" encoding="UTF-8"?>
<testsuites>
  <testsuite name="tests" tests="2" assertions="10" failures="0" errors="0" time="30.445802">
    <testsuite name="EventTest" file="E:\joomla\eventgallery\trunk\tests\system\webdriver\tests\eventgallery\EventTest.php" tests="2" assertions="10" failures="0" errors="0" time="30.445802">
      <testcase name="event_CreateEvent" class="EventTest" file="E:\joomla\eventgallery\trunk\tests\system\webdriver\tests\eventgallery\EventTest.php" line="31" assertions="10" time="27.467979"/>
      <testcase name="dummy" class="EventTest" file="E:\joomla\eventgallery\trunk\tests\system\webdriver\tests\eventgallery\EventTest.php" line="21" assertions="0" time="2.977823"/>
    </testsuite>
  </testsuite>
</testsuites>
